<?xml version="1.0" encoding="UTF-8"?>
<!-- Generated by org.testng.reporters.JUnitReportReporter -->
<testsuite name="TestNgPack.DataproviderDemo" tests="2" time="18.366" ignored="0" failures="0" timestamp="25 Dec 2019 10:07:04 GMT" skipped="0" hostname="DESKTOP-TA1AA8N" errors="0">
  <testcase name="TC_login" time="9.180" classname="TestNgPack.DataproviderDemo"/>
  <testcase name="TC_login" time="9.186" classname="TestNgPack.DataproviderDemo"/>
</testsuite> <!-- TestNgPack.DataproviderDemo -->
