<?xml version="1.0" encoding="UTF-8"?>
<!-- Generated by org.testng.reporters.JUnitReportReporter -->
<testsuite name="TestNgPack.TC_Myinfo" tests="2" time="0.010" ignored="1" failures="0" timestamp="24 Dec 2019 02:56:42 GMT" skipped="0" hostname="DESKTOP-TA1AA8N" errors="0">
  <testcase name="TC02" time="0.002" classname="TestNgPack.TC_Myinfo"/>
  <testcase name="TC03" time="0.008" classname="TestNgPack.TC_Myinfo"/>
  <testcase name="aTC01" classname="TestNgPack.TC_Myinfo">
    <skipped/>
  </testcase> <!-- aTC01 -->
</testsuite> <!-- TestNgPack.TC_Myinfo -->
