<?xml version="1.0" encoding="UTF-8"?>
<!-- Generated by org.testng.reporters.JUnitReportReporter -->
<testsuite name="TestNgPack.GroupingsDemo" tests="5" time="0.024" ignored="1" failures="0" timestamp="25 Dec 2019 10:51:25 GMT" skipped="0" hostname="DESKTOP-TA1AA8N" errors="0">
  <testcase name="Testone" time="0.012" classname="TestNgPack.GroupingsDemo"/>
  <testcase name="Testthree" time="0.001" classname="TestNgPack.GroupingsDemo"/>
  <testcase name="Testthree" time="0.001" classname="TestNgPack.GroupingsDemo"/>
  <testcase name="Testtwo" time="0.002" classname="TestNgPack.GroupingsDemo"/>
  <testcase name="Testtwo" time="0.008" classname="TestNgPack.GroupingsDemo"/>
  <testcase name="Testone" classname="TestNgPack.GroupingsDemo">
    <skipped/>
  </testcase> <!-- Testone -->
</testsuite> <!-- TestNgPack.GroupingsDemo -->
