<?xml version="1.0" encoding="UTF-8"?>
<!-- Generated by org.testng.reporters.JUnitReportReporter -->
<testsuite name="TestNgPack.DataProviderEx" tests="3" time="9.594" ignored="0" failures="0" timestamp="25 Dec 2019 12:57:16 GMT" skipped="0" hostname="DESKTOP-TA1AA8N" errors="0">
  <testcase name="TC_GoogleSearch" time="3.193" classname="TestNgPack.DataProviderEx"/>
  <testcase name="TC_GoogleSearch" time="3.254" classname="TestNgPack.DataProviderEx"/>
  <testcase name="TC_GoogleSearch" time="3.147" classname="TestNgPack.DataProviderEx"/>
</testsuite> <!-- TestNgPack.DataProviderEx -->
