<?xml version="1.0" encoding="UTF-8"?>
<!-- Generated by org.testng.reporters.JUnitReportReporter -->
<testsuite name="TestNgPack.TC_Leave" tests="2" time="0.007" ignored="0" failures="0" timestamp="24 Dec 2019 14:10:19 GMT" skipped="0" hostname="DESKTOP-TA1AA8N" errors="0">
  <testcase name="TC01" time="0.006" classname="TestNgPack.TC_Leave"/>
  <testcase name="TC02" time="0.001" classname="TestNgPack.TC_Leave"/>
</testsuite> <!-- TestNgPack.TC_Leave -->
