<?xml version="1.0" encoding="UTF-8"?>
<!-- Generated by org.testng.reporters.JUnitReportReporter -->
<testsuite name="TestNgPack.ParametersDemo" tests="1" time="6.856" ignored="2" failures="0" timestamp="25 Dec 2019 07:02:02 GMT" skipped="0" hostname="DESKTOP-TA1AA8N" errors="0">
  <testcase name="TC_login" time="6.856" classname="TestNgPack.ParametersDemo"/>
  <testcase name="TC_ApplyLeave" classname="TestNgPack.ParametersDemo">
    <skipped/>
  </testcase> <!-- TC_ApplyLeave -->
  <testcase name="TC_CancelLeave" classname="TestNgPack.ParametersDemo">
    <skipped/>
  </testcase> <!-- TC_CancelLeave -->
</testsuite> <!-- TestNgPack.ParametersDemo -->
